0 info it worked if it ends with ok
1 verbose cli [ '/usr/bin/node', '/usr/bin/npm', 'start' ]
2 info using npm@3.10.6
3 info using node@v6.5.0
4 verbose run-script [ 'prestart', 'start', 'poststart' ]
5 info lifecycle screeps@1.0.0~prestart: screeps@1.0.0
6 silly lifecycle screeps@1.0.0~prestart: no script for prestart, continuing
7 info lifecycle screeps@1.0.0~start: screeps@1.0.0
8 verbose lifecycle screeps@1.0.0~start: unsafe-perm in lifecycle true
9 verbose lifecycle screeps@1.0.0~start: PATH: /usr/lib/node_modules/npm/bin/node-gyp-bin:/home/lars/Documents/programming/screeps/node_modules/.bin:/usr/local/sbin:/usr/local/bin:/usr/bin:/usr/lib/jvm/default/bin:/usr/bin/site_perl:/usr/bin/vendor_perl:/usr/bin/core_perl
10 verbose lifecycle screeps@1.0.0~start: CWD: /home/lars/Documents/programming/screeps
11 silly lifecycle screeps@1.0.0~start: Args: [ '-c', '"tsc -w"' ]
12 info lifecycle screeps@1.0.0~start: Failed to exec start script
13 verbose stack Error: screeps@1.0.0 start: `"tsc -w"`
13 verbose stack spawn ENOENT
13 verbose stack     at ChildProcess.<anonymous> (/usr/lib/node_modules/npm/lib/utils/spawn.js:33:16)
13 verbose stack     at emitTwo (events.js:106:13)
13 verbose stack     at ChildProcess.emit (events.js:191:7)
13 verbose stack     at maybeClose (internal/child_process.js:877:16)
13 verbose stack     at Process.ChildProcess._handle.onexit (internal/child_process.js:226:5)
14 verbose pkgid screeps@1.0.0
15 verbose cwd /home/lars/Documents/programming/screeps
16 error Linux 4.7.2-1-ARCH
17 error argv "/usr/bin/node" "/usr/bin/npm" "start"
18 error node v6.5.0
19 error npm  v3.10.6
20 error file sh
21 error code ELIFECYCLE
22 error errno ENOENT
23 error syscall spawn
24 error screeps@1.0.0 start: `"tsc -w"`
24 error spawn ENOENT
25 error Failed at the screeps@1.0.0 start script '"tsc -w"'.
25 error Make sure you have the latest version of node.js and npm installed.
25 error If you do, this is most likely a problem with the screeps package,
25 error not with npm itself.
25 error Tell the author that this fails on your system:
25 error     "tsc -w"
25 error You can get information on how to open an issue for this project with:
25 error     npm bugs screeps
25 error Or if that isn't available, you can get their info via:
25 error     npm owner ls screeps
25 error There is likely additional logging output above.
26 verbose exit [ 1, true ]
